This is e-pTeX, Version 3.14159265-p3.7.1-161114-2.6 (utf8.euc) (TeX Live 2017) (preloaded format=platex 2018.1.20)  4 FEB 2019 14:16
entering extended mode
 restricted \write18 enabled.
 %&-line parsing enabled.
**abst2.tex
(/usr/local/texlive/2017/texmf-dist/tex/latex/tools/q.tex
pLaTeX2e <2017/05/05> (based on LaTeX2e <2017-04-15>)
Babel <3.10> and hyphenation patterns for 84 language(s) loaded.
File ignored
)
! Emergency stop.
<*> abst2.tex
             
*** (job aborted, no legal \end found)

 
Here is how much of TeX's memory you used:
 6 strings out of 493653
 174 string characters out of 6148874
 54385 words of memory out of 5000000
 3690 multiletter control sequences out of 15000+600000
 7511 words of font info for 31 fonts, out of 8000000 for 9000
 929 hyphenation exceptions out of 8191
 5i,0n,3p,89b,8s stack positions out of 5000i,500n,10000p,200000b,80000s
No pages of output.
